2019-01-28 4:18:32 - PHP Warning:  mysqli::__construct(): (HY000/1045): Access denied for user 'root'@'localhost' (using password: YES) in C:\xampp\htdocs\inlove\upload\system\library\db\mysqli.php on line 7
2019-01-28 4:18:32 - PHP Warning:  DB\MySQLi::__construct(): Couldn't fetch mysqli in C:\xampp\htdocs\inlove\upload\system\library\db\mysqli.php on line 10
2019-01-28 4:18:32 - PHP Warning:  DB\MySQLi::__construct(): Couldn't fetch mysqli in C:\xampp\htdocs\inlove\upload\system\library\db\mysqli.php on line 10
2019-01-28 4:18:32 - PHP Notice:  Undefined variable: mysql in C:\xampp\htdocs\inlove\upload\install\controller\install\step_3.php on line 280
2019-01-28 4:18:32 - PHP Notice:  Trying to get property 'connect_error' of non-object in C:\xampp\htdocs\inlove\upload\install\controller\install\step_3.php on line 280
2019-01-29 7:54:10 - PHP Warning:  unlink(C:/xampp/htdocs/inlove/upload/storage/cache/cache.catalog.language.1548673896): No such file or directory in C:\xampp\htdocs\inlove\upload\system\library\cache\file.php on line 17
2019-01-30 5:36:58 - PHP Warning:  mail(): Failed to connect to mailserver at &quot;localhost&quot; port 25, verify your &quot;SMTP&quot; and &quot;smtp_port&quot; setting in php.ini or use ini_set() in C:\xampp\htdocs\inlove\upload\system\library\mail\mail.php on line 77
2019-01-30 5:37:00 - PHP Warning:  mail(): Failed to connect to mailserver at &quot;localhost&quot; port 25, verify your &quot;SMTP&quot; and &quot;smtp_port&quot; setting in php.ini or use ini_set() in C:\xampp\htdocs\inlove\upload\system\library\mail\mail.php on line 77
2019-01-30 11:53:26 - PHP Notice:  Undefined offset: 1 in C:\xampp\htdocs\inlove\upload\catalog\controller\common\menu.php on line 28
2019-01-30 11:53:26 - PHP Notice:  Undefined offset: 1 in C:\xampp\htdocs\inlove\upload\catalog\controller\common\menu.php on line 28
2019-01-30 11:53:26 - PHP Notice:  Undefined offset: 1 in C:\xampp\htdocs\inlove\upload\catalog\controller\common\menu.php on line 28
2019-01-30 11:53:26 - PHP Notice:  Undefined offset: 1 in C:\xampp\htdocs\inlove\upload\catalog\controller\common\menu.php on line 28
2019-01-30 11:53:26 - PHP Notice:  Undefined offset: 1 in C:\xampp\htdocs\inlove\upload\catalog\controller\common\menu.php on line 28
2019-01-30 11:53:26 - PHP Notice:  Undefined offset: 1 in C:\xampp\htdocs\inlove\upload\catalog\controller\common\menu.php on line 28
2019-01-30 11:53:36 - PHP Notice:  Undefined index: id in C:\xampp\htdocs\inlove\upload\catalog\controller\common\menu.php on line 28
2019-01-30 11:53:36 - PHP Notice:  Undefined index: id in C:\xampp\htdocs\inlove\upload\catalog\controller\common\menu.php on line 28
2019-01-30 11:53:36 - PHP Notice:  Undefined index: id in C:\xampp\htdocs\inlove\upload\catalog\controller\common\menu.php on line 28
2019-01-30 11:53:36 - PHP Notice:  Undefined index: id in C:\xampp\htdocs\inlove\upload\catalog\controller\common\menu.php on line 28
2019-01-30 11:53:36 - PHP Notice:  Undefined index: id in C:\xampp\htdocs\inlove\upload\catalog\controller\common\menu.php on line 28
2019-01-30 11:53:36 - PHP Notice:  Undefined index: id in C:\xampp\htdocs\inlove\upload\catalog\controller\common\menu.php on line 28
2019-01-30 16:13:53 - PHP Warning:  mail(): Failed to connect to mailserver at &quot;localhost&quot; port 25, verify your &quot;SMTP&quot; and &quot;smtp_port&quot; setting in php.ini or use ini_set() in C:\xampp\htdocs\inlove\upload\system\library\mail\mail.php on line 77
2019-01-30 16:13:54 - PHP Warning:  mail(): Failed to connect to mailserver at &quot;localhost&quot; port 25, verify your &quot;SMTP&quot; and &quot;smtp_port&quot; setting in php.ini or use ini_set() in C:\xampp\htdocs\inlove\upload\system\library\mail\mail.php on line 77
2019-02-03 5:30:49 - PHP Notice:  Array to string conversion in C:\xampp\htdocs\inlove\upload\system\library\template\Twig\Environment.php(403) : eval()'d code on line 351
2019-02-03 5:30:49 - PHP Notice:  Array to string conversion in C:\xampp\htdocs\inlove\upload\system\library\template\Twig\Environment.php(403) : eval()'d code on line 351
2019-02-03 5:30:49 - PHP Notice:  Array to string conversion in C:\xampp\htdocs\inlove\upload\system\library\template\Twig\Environment.php(403) : eval()'d code on line 351
2019-02-03 5:30:49 - PHP Notice:  Array to string conversion in C:\xampp\htdocs\inlove\upload\system\library\template\Twig\Environment.php(403) : eval()'d code on line 351
2019-02-03 5:30:49 - PHP Notice:  Array to string conversion in C:\xampp\htdocs\inlove\upload\system\library\template\Twig\Environment.php(403) : eval()'d code on line 351
